<?xml version="1.0" encoding="UTF-8"?>
<!-- Generated by org.testng.reporters.JUnitXMLReporter -->
<testsuite hostname="DESKTOP-79TRFAI" ignored="0" name="Registration Test" tests="6" failures="0" timestamp="2021-04-22T17:51:37 PDT" time="82.297" errors="0">
  <testcase name="RegistrationEmptyFirstName" time="18.366" classname="com.electonicstore.tests.RegistrationTest"/>
  <testcase name="RegistrationEmptyLastName" time="12.167" classname="com.electonicstore.tests.RegistrationTest"/>
  <testcase name="RegistrationEmptyEmail" time="12.308" classname="com.electonicstore.tests.RegistrationTest"/>
  <testcase name="RegistrationEmptyTelephone" time="11.982" classname="com.electonicstore.tests.RegistrationTest"/>
  <testcase name="RegistrationEmptyPassword" time="12.092" classname="com.electonicstore.tests.RegistrationTest"/>
  <testcase name="RegistrationTest" time="12.65" classname="com.electonicstore.tests.RegistrationTest"/>
</testsuite> <!-- Registration Test -->
